# JRE version: OpenJDK Runtime Environment Microsoft-8035246 (17.0.8+7) (build 17.0.8+7-LTS)
# Java VM: OpenJDK 64-Bit Server VM Microsoft-8035246 (17.0.8+7-LTS, mixed mode, sharing, tiered, compressed oops, compressed class ptrs, g1 gc, windows-amd64)
GC Precious Log:
 CPUs: 12 total, 12 available
 Memory: 32505M
 Large Page Support: Disabled
 NUMA Support: Disabled
 Compressed Oops: Enabled (32-bit)
 Heap Region Size: 1M
 Heap Min Capacity: 8M
 Heap Initial Capacity: 508M
 Heap Max Capacity: 2G
 Pre-touch: Disabled
 Parallel Workers: 10
 Concurrent Workers: 3
 Concurrent Refinement Workers: 10
 Periodic GC: Disabled
Heap:
 garbage-first heap   total 363520K, used 244014K [0x0000000080000000, 0x0000000100000000)
  region size 1024K, 69 young (70656K), 11 survivors (11264K)
 Metaspace       used 102203K, committed 103488K, reserved 557056K
  class space    used 14325K, committed 14912K, reserved 425984K
GC Heap History (20 events):
Event: 13.703 GC heap before
{Heap before GC invocations=24 (full 0):
 garbage-first heap   total 219136K, used 160436K [0x0000000080000000, 0x0000000100000000)
  region size 1024K, 18 young (18432K), 1 survivors (1024K)
 Metaspace       used 92731K, committed 93824K, reserved 557056K
  class space    used 13005K, committed 13504K, reserved 425984K
}
Event: 13.705 GC heap after
{Heap after GC invocations=25 (full 0):
 garbage-first heap   total 219136K, used 145448K [0x0000000080000000, 0x0000000100000000)
  region size 1024K, 3 young (3072K), 3 survivors (3072K)
 Metaspace       used 92731K, committed 93824K, reserved 557056K
  class space    used 13005K, committed 13504K, reserved 425984K
}
Event: 14.239 GC heap before
{Heap before GC invocations=26 (full 0):
 garbage-first heap   total 247808K, used 180264K [0x0000000080000000, 0x0000000100000000)
  region size 1024K, 35 young (35840K), 3 survivors (3072K)
 Metaspace       used 93795K, committed 94912K, reserved 557056K
  class space    used 13138K, committed 13632K, reserved 425984K
}
Event: 14.241 GC heap after
{Heap after GC invocations=27 (full 0):
 garbage-first heap   total 247808K, used 153616K [0x0000000080000000, 0x0000000100000000)
  region size 1024K, 5 young (5120K), 5 survivors (5120K)
 Metaspace       used 93795K, committed 94912K, reserved 557056K
  class space    used 13138K, committed 13632K, reserved 425984K
}
Event: 14.281 GC heap before
{Heap before GC invocations=27 (full 0):
 garbage-first heap   total 247808K, used 160784K [0x0000000080000000, 0x0000000100000000)
  region size 1024K, 12 young (12288K), 5 survivors (5120K)
 Metaspace       used 94229K, committed 95360K, reserved 557056K
  class space    used 13207K, committed 13696K, reserved 425984K
}
Event: 14.284 GC heap after
{Heap after GC invocations=28 (full 0):
 garbage-first heap   total 247808K, used 152764K [0x0000000080000000, 0x0000000100000000)
  region size 1024K, 1 young (1024K), 1 survivors (1024K)
 Metaspace       used 94229K, committed 95360K, reserved 557056K
  class space    used 13207K, committed 13696K, reserved 425984K
}
Event: 14.520 GC heap before
{Heap before GC invocations=28 (full 0):
 garbage-first heap   total 247808K, used 193724K [0x0000000080000000, 0x0000000100000000)
  region size 1024K, 41 young (41984K), 1 survivors (1024K)
 Metaspace       used 97730K, committed 98880K, reserved 557056K
  class space    used 13726K, committed 14272K, reserved 425984K
}
Event: 14.523 GC heap after
{Heap after GC invocations=29 (full 0):
 garbage-first heap   total 247808K, used 154435K [0x0000000080000000, 0x0000000100000000)
  region size 1024K, 3 young (3072K), 3 survivors (3072K)
 Metaspace       used 97730K, committed 98880K, reserved 557056K
  class space    used 13726K, committed 14272K, reserved 425984K
}
Event: 14.789 GC heap before
{Heap before GC invocations=30 (full 0):
 garbage-first heap   total 268288K, used 196419K [0x0000000080000000, 0x0000000100000000)
  region size 1024K, 44 young (45056K), 3 survivors (3072K)
 Metaspace       used 98905K, committed 100096K, reserved 557056K
  class space    used 13867K, committed 14400K, reserved 425984K
}
Event: 14.793 GC heap after
{Heap after GC invocations=31 (full 0):
 garbage-first heap   total 268288K, used 160637K [0x0000000080000000, 0x0000000100000000)
  region size 1024K, 6 young (6144K), 6 survivors (6144K)
 Metaspace       used 98905K, committed 100096K, reserved 557056K
  class space    used 13867K, committed 14400K, reserved 425984K
}
Event: 14.830 GC heap before
{Heap before GC invocations=31 (full 0):
 garbage-first heap   total 268288K, used 167805K [0x0000000080000000, 0x0000000100000000)
  region size 1024K, 13 young (13312K), 6 survivors (6144K)
 Metaspace       used 99135K, committed 100288K, reserved 557056K
  class space    used 13895K, committed 14400K, reserved 425984K
}
Event: 14.834 GC heap after
{Heap after GC invocations=32 (full 0):
 garbage-first heap   total 268288K, used 161760K [0x0000000080000000, 0x0000000100000000)
  region size 1024K, 2 young (2048K), 2 survivors (2048K)
 Metaspace       used 99135K, committed 100288K, reserved 557056K
  class space    used 13895K, committed 14400K, reserved 425984K
}
Event: 15.062 GC heap before
{Heap before GC invocations=32 (full 0):
 garbage-first heap   total 268288K, used 209888K [0x0000000080000000, 0x0000000100000000)
  region size 1024K, 49 young (50176K), 2 survivors (2048K)
 Metaspace       used 99818K, committed 101056K, reserved 557056K
  class space    used 13961K, committed 14528K, reserved 425984K
}
Event: 15.065 GC heap after
{Heap after GC invocations=33 (full 0):
 garbage-first heap   total 268288K, used 166128K [0x0000000080000000, 0x0000000100000000)
  region size 1024K, 7 young (7168K), 7 survivors (7168K)
 Metaspace       used 99818K, committed 101056K, reserved 557056K
  class space    used 13961K, committed 14528K, reserved 425984K
}
Event: 15.257 GC heap before
{Heap before GC invocations=33 (full 0):
 garbage-first heap   total 268288K, used 213232K [0x0000000080000000, 0x0000000100000000)
  region size 1024K, 53 young (54272K), 7 survivors (7168K)
 Metaspace       used 100255K, committed 101504K, reserved 557056K
  class space    used 14004K, committed 14592K, reserved 425984K
}
Event: 15.262 GC heap after
{Heap after GC invocations=34 (full 0):
 garbage-first heap   total 268288K, used 170892K [0x0000000080000000, 0x0000000100000000)
  region size 1024K, 6 young (6144K), 6 survivors (6144K)
 Metaspace       used 100255K, committed 101504K, reserved 557056K
  class space    used 14004K, committed 14592K, reserved 425984K
}
Event: 15.435 GC heap before
{Heap before GC invocations=34 (full 0):
 garbage-first heap   total 268288K, used 215948K [0x0000000080000000, 0x0000000100000000)
  region size 1024K, 51 young (52224K), 6 survivors (6144K)
 Metaspace       used 101441K, committed 102656K, reserved 557056K
  class space    used 14251K, committed 14848K, reserved 425984K
}
Event: 15.440 GC heap after
{Heap after GC invocations=35 (full 0):
 garbage-first heap   total 363520K, used 174711K [0x0000000080000000, 0x0000000100000000)
  region size 1024K, 4 young (4096K), 4 survivors (4096K)
 Metaspace       used 101441K, committed 102656K, reserved 557056K
  class space    used 14251K, committed 14848K, reserved 425984K
}
Event: 15.775 GC heap before
{Heap before GC invocations=35 (full 0):
 garbage-first heap   total 363520K, used 274039K [0x0000000080000000, 0x0000000100000000)
  region size 1024K, 102 young (104448K), 4 survivors (4096K)
 Metaspace       used 102154K, committed 103424K, reserved 557056K
  class space    used 14324K, committed 14912K, reserved 425984K
}
Event: 15.780 GC heap after
{Heap after GC invocations=36 (full 0):
 garbage-first heap   total 363520K, used 181550K [0x0000000080000000, 0x0000000100000000)
  region size 1024K, 11 young (11264K), 11 survivors (11264K)
 Metaspace       used 102154K, committed 103424K, reserved 557056K
  class space    used 14324K, committed 14912K, reserved 425984K
}

