# JRE version: OpenJDK Runtime Environment Microsoft-8035246 (17.0.8+7) (build 17.0.8+7-LTS)
# Java VM: OpenJDK 64-Bit Server VM Microsoft-8035246 (17.0.8+7-LTS, mixed mode, sharing, tiered, compressed oops, compressed class ptrs, g1 gc, windows-amd64)
GC Precious Log:
 CPUs: 12 total, 12 available
 Memory: 32505M
 Large Page Support: Disabled
 NUMA Support: Disabled
 Compressed Oops: Enabled (32-bit)
 Heap Region Size: 1M
 Heap Min Capacity: 8M
 Heap Initial Capacity: 508M
 Heap Max Capacity: 2G
 Pre-touch: Disabled
 Parallel Workers: 10
 Concurrent Workers: 3
 Concurrent Refinement Workers: 10
 Periodic GC: Disabled
Heap:
 garbage-first heap   total 337920K, used 229638K [0x0000000080000000, 0x0000000100000000)
  region size 1024K, 54 young (55296K), 1 survivors (1024K)
 Metaspace       used 102277K, committed 103296K, reserved 557056K
  class space    used 14217K, committed 14656K, reserved 425984K
GC Heap History (20 events):
Event: 16.806 GC heap before
{Heap before GC invocations=22 (full 0):
 garbage-first heap   total 303104K, used 240607K [0x0000000080000000, 0x0000000100000000)
  region size 1024K, 107 young (109568K), 9 survivors (9216K)
 Metaspace       used 97893K, committed 98816K, reserved 557056K
  class space    used 13826K, committed 14272K, reserved 425984K
}
Event: 16.817 GC heap after
{Heap after GC invocations=23 (full 0):
 garbage-first heap   total 303104K, used 149262K [0x0000000080000000, 0x0000000100000000)
  region size 1024K, 9 young (9216K), 9 survivors (9216K)
 Metaspace       used 97893K, committed 98816K, reserved 557056K
  class space    used 13826K, committed 14272K, reserved 425984K
}
Event: 17.106 GC heap before
{Heap before GC invocations=23 (full 0):
 garbage-first heap   total 303104K, used 234254K [0x0000000080000000, 0x0000000100000000)
  region size 1024K, 94 young (96256K), 9 survivors (9216K)
 Metaspace       used 97992K, committed 99008K, reserved 557056K
  class space    used 13827K, committed 14272K, reserved 425984K
}
Event: 17.114 GC heap after
{Heap after GC invocations=24 (full 0):
 garbage-first heap   total 303104K, used 156134K [0x0000000080000000, 0x0000000100000000)
  region size 1024K, 7 young (7168K), 7 survivors (7168K)
 Metaspace       used 97992K, committed 99008K, reserved 557056K
  class space    used 13827K, committed 14272K, reserved 425984K
}
Event: 17.523 GC heap before
{Heap before GC invocations=25 (full 0):
 garbage-first heap   total 303104K, used 264678K [0x0000000080000000, 0x0000000100000000)
  region size 1024K, 94 young (96256K), 7 survivors (7168K)
 Metaspace       used 98396K, committed 99328K, reserved 557056K
  class space    used 13850K, committed 14272K, reserved 425984K
}
Event: 17.530 GC heap after
{Heap after GC invocations=26 (full 0):
 garbage-first heap   total 303104K, used 164263K [0x0000000080000000, 0x0000000100000000)
  region size 1024K, 8 young (8192K), 8 survivors (8192K)
 Metaspace       used 98396K, committed 99328K, reserved 557056K
  class space    used 13850K, committed 14272K, reserved 425984K
}
Event: 17.547 GC heap before
{Heap before GC invocations=26 (full 0):
 garbage-first heap   total 303104K, used 173479K [0x0000000080000000, 0x0000000100000000)
  region size 1024K, 14 young (14336K), 8 survivors (8192K)
 Metaspace       used 98398K, committed 99328K, reserved 557056K
  class space    used 13850K, committed 14272K, reserved 425984K
}
Event: 17.552 GC heap after
{Heap after GC invocations=27 (full 0):
 garbage-first heap   total 303104K, used 165574K [0x0000000080000000, 0x0000000100000000)
  region size 1024K, 2 young (2048K), 2 survivors (2048K)
 Metaspace       used 98398K, committed 99328K, reserved 557056K
  class space    used 13850K, committed 14272K, reserved 425984K
}
Event: 17.790 GC heap before
{Heap before GC invocations=27 (full 0):
 garbage-first heap   total 303104K, used 205510K [0x0000000080000000, 0x0000000100000000)
  region size 1024K, 43 young (44032K), 2 survivors (2048K)
 Metaspace       used 98544K, committed 99520K, reserved 557056K
  class space    used 13862K, committed 14272K, reserved 425984K
}
Event: 17.793 GC heap after
{Heap after GC invocations=28 (full 0):
 garbage-first heap   total 303104K, used 167472K [0x0000000080000000, 0x0000000100000000)
  region size 1024K, 4 young (4096K), 4 survivors (4096K)
 Metaspace       used 98544K, committed 99520K, reserved 557056K
  class space    used 13862K, committed 14272K, reserved 425984K
}
Event: 18.160 GC heap before
{Heap before GC invocations=29 (full 0):
 garbage-first heap   total 337920K, used 261680K [0x0000000080000000, 0x0000000100000000)
  region size 1024K, 85 young (87040K), 4 survivors (4096K)
 Metaspace       used 98668K, committed 99648K, reserved 557056K
  class space    used 13874K, committed 14336K, reserved 425984K
}
Event: 18.166 GC heap after
{Heap after GC invocations=30 (full 0):
 garbage-first heap   total 337920K, used 172563K [0x0000000080000000, 0x0000000100000000)
  region size 1024K, 9 young (9216K), 9 survivors (9216K)
 Metaspace       used 98668K, committed 99648K, reserved 557056K
  class space    used 13874K, committed 14336K, reserved 425984K
}
Event: 18.188 GC heap before
{Heap before GC invocations=30 (full 0):
 garbage-first heap   total 337920K, used 178707K [0x0000000080000000, 0x0000000100000000)
  region size 1024K, 16 young (16384K), 9 survivors (9216K)
 Metaspace       used 98670K, committed 99648K, reserved 557056K
  class space    used 13874K, committed 14336K, reserved 425984K
}
Event: 18.192 GC heap after
{Heap after GC invocations=31 (full 0):
 garbage-first heap   total 337920K, used 171946K [0x0000000080000000, 0x0000000100000000)
  region size 1024K, 2 young (2048K), 2 survivors (2048K)
 Metaspace       used 98670K, committed 99648K, reserved 557056K
  class space    used 13874K, committed 14336K, reserved 425984K
}
Event: 18.292 GC heap before
{Heap before GC invocations=31 (full 0):
 garbage-first heap   total 337920K, used 209834K [0x0000000080000000, 0x0000000100000000)
  region size 1024K, 41 young (41984K), 2 survivors (2048K)
 Metaspace       used 98699K, committed 99712K, reserved 557056K
  class space    used 13876K, committed 14336K, reserved 425984K
}
Event: 18.294 GC heap after
{Heap after GC invocations=32 (full 0):
 garbage-first heap   total 337920K, used 172689K [0x0000000080000000, 0x0000000100000000)
  region size 1024K, 2 young (2048K), 2 survivors (2048K)
 Metaspace       used 98699K, committed 99712K, reserved 557056K
  class space    used 13876K, committed 14336K, reserved 425984K
}
Event: 2152.690 GC heap before
{Heap before GC invocations=33 (full 0):
 garbage-first heap   total 337920K, used 286353K [0x0000000080000000, 0x0000000100000000)
  region size 1024K, 105 young (107520K), 2 survivors (2048K)
 Metaspace       used 101916K, committed 102912K, reserved 557056K
  class space    used 14198K, committed 14656K, reserved 425984K
}
Event: 2152.694 GC heap after
{Heap after GC invocations=34 (full 0):
 garbage-first heap   total 337920K, used 176800K [0x0000000080000000, 0x0000000100000000)
  region size 1024K, 6 young (6144K), 6 survivors (6144K)
 Metaspace       used 101916K, committed 102912K, reserved 557056K
  class space    used 14198K, committed 14656K, reserved 425984K
}
Event: 2711.920 GC heap before
{Heap before GC invocations=34 (full 0):
 garbage-first heap   total 337920K, used 187040K [0x0000000080000000, 0x0000000100000000)
  region size 1024K, 16 young (16384K), 6 survivors (6144K)
 Metaspace       used 101947K, committed 102912K, reserved 557056K
  class space    used 14198K, committed 14656K, reserved 425984K
}
Event: 2711.924 GC heap after
{Heap after GC invocations=35 (full 0):
 garbage-first heap   total 337920K, used 176390K [0x0000000080000000, 0x0000000100000000)
  region size 1024K, 1 young (1024K), 1 survivors (1024K)
 Metaspace       used 101947K, committed 102912K, reserved 557056K
  class space    used 14198K, committed 14656K, reserved 425984K
}

